<?xml version="1.0" encoding="UTF-8"?>
<!-- Generated by org.testng.reporters.JUnitReportReporter -->
<testsuite hostname="DESKTOP-INJIN43" failures="0" tests="3" name="abc.logintest" time="10.080" errors="0" timestamp="2024-04-07T14:23:15 EDT" skipped="0">
  <testcase classname="abc.logintest" name="verifyTitle" time="9.906"/>
  <system-out/>
  <testcase classname="abc.logintest" name="test2" time="0.004"/>
  <system-out/>
  <testcase classname="abc.logintest" name="test1" time="0.170"/>
  <system-out/>
</testsuite> <!-- abc.logintest -->
