<?xml version="1.0" encoding="UTF-8"?>
<!-- Generated by org.testng.reporters.JUnitReportReporter -->
<testsuite hostname="DESKTOP-INJIN43" failures="0" tests="2" name="testngtest.logintest" time="5.294" errors="0" timestamp="2024-03-31T22:44:18 EDT" skipped="0">
  <testcase classname="testngtest.logintest" name="test2" time="0.008"/>
  <system-out/>
  <testcase classname="testngtest.logintest" name="verifyTitle" time="5.286"/>
  <system-out/>
</testsuite> <!-- testngtest.logintest -->
