<?xml version="1.0" encoding="UTF-8"?>
<!-- Generated by org.testng.reporters.JUnitReportReporter -->
<testsuite hostname="DESKTOP-INJIN43" failures="0" tests="2" name="logintest" time="2.523" errors="0" timestamp="2024-04-01T12:02:56 EDT" skipped="0">
  <testcase classname="logintest" name="verifyTitle" time="2.443"/>
  <system-out/>
  <testcase classname="logintest" name="test2" time="0.080"/>
  <system-out/>
</testsuite> <!-- logintest -->
