<?xml version="1.0" encoding="UTF-8"?>
<!-- Generated by org.testng.reporters.JUnitReportReporter -->
<testsuite hostname="DESKTOP-INJIN43" failures="0" tests="3" name="abc.logintest" time="10.292" errors="0" timestamp="2024-04-08T11:05:55 EDT" skipped="0">
  <testcase classname="abc.logintest" name="verifyTitle" time="10.231"/>
  <system-out/>
  <testcase classname="abc.logintest" name="test2" time="0.005"/>
  <system-out/>
  <testcase classname="abc.logintest" name="test1" time="0.056"/>
  <system-out/>
</testsuite> <!-- abc.logintest -->
